2019-01-22 17:31:59.412 DEBUG [main] [com.alltimeslucky.battletron.server.game.api.GameApi] [createGame] - Response: GameDto{id=123, width=200, height=100, gameStatus=WAITING_FOR_READY, tickCount=0, playerOne=com.alltimeslucky.battletron.player.model.Player@3fc2959f, playerTwo=com.alltimeslucky.battletron.player.model.Player@5aa9e4eb, playingField=null, winner=null}
2019-01-22 17:32:37.537 DEBUG [main] [com.alltimeslucky.battletron.server.game.api.GameApi] [createGame] - Response: GameDto{id=123, width=200, height=100, gameStatus=WAITING_FOR_READY, tickCount=0, playerOne=com.alltimeslucky.battletron.player.model.Player@3fc2959f, playerTwo=com.alltimeslucky.battletron.player.model.Player@5aa9e4eb, playingField=null, winner=null}
2019-01-22 17:34:41.032 DEBUG [main] [com.alltimeslucky.battletron.server.game.api.GameApi] [createGame] - Response: GameDto{id=123, width=200, height=100, gameStatus=WAITING_FOR_READY, tickCount=0, playerOne=com.alltimeslucky.battletron.player.model.Player@3fc2959f, playerTwo=com.alltimeslucky.battletron.player.model.Player@5aa9e4eb, playingField=null, winner=null}
2019-01-22 17:36:08.506 DEBUG [main] [com.alltimeslucky.battletron.server.game.api.GameApi] [createGame] - Response: GameDto{id=123, width=0, height=0, gameStatus=null, tickCount=0, playerOne=com.alltimeslucky.battletron.player.model.Player@3fc2959f, playerTwo=com.alltimeslucky.battletron.player.model.Player@5aa9e4eb, playingField=null, winner=null}
2019-01-22 17:42:45.134 DEBUG [main] [com.alltimeslucky.battletron.server.game.api.GameApi] [createGame] - Response: GameDto{id=123, width=0, height=0, gameStatus=null, tickCount=0, playerOne=com.alltimeslucky.battletron.player.model.Player@3fc2959f, playerTwo=com.alltimeslucky.battletron.player.model.Player@5aa9e4eb, playingField=null, winner=null}
2019-01-22 17:43:04.067 DEBUG [main] [com.alltimeslucky.battletron.server.game.api.GameApi] [createGame] - Response: GameDto{id=123, width=0, height=0, gameStatus=null, tickCount=0, playerOne=null, playerTwo=null, playingField=null, winner=null}
2019-01-22 17:56:05.743 DEBUG [main] [com.alltimeslucky.battletron.server.game.api.GameApi] [spectateGame] - Response: GameDto{id=123, width=0, height=0, gameStatus=null, tickCount=0, playerOne=null, playerTwo=null, playingField=null, winner=null}
2019-01-22 18:00:16.214 DEBUG [main] [com.alltimeslucky.battletron.server.game.api.GameApi] [createGame] - Response: GameDto{id=123, width=0, height=0, gameStatus=null, tickCount=0, playerOne=null, playerTwo=null, playingField=null, winner=null}
2019-01-22 18:00:16.255 DEBUG [main] [com.alltimeslucky.battletron.server.game.api.GameApi] [joinGame] - Response: GameDto{id=123, width=0, height=0, gameStatus=null, tickCount=0, playerOne=null, playerTwo=null, playingField=null, winner=null}
2019-01-22 18:00:16.258 DEBUG [main] [com.alltimeslucky.battletron.server.game.api.GameApi] [spectateGame] - Response: GameDto{id=123, width=0, height=0, gameStatus=null, tickCount=0, playerOne=null, playerTwo=null, playingField=null, winner=null}
2019-01-22 18:33:02.404 DEBUG [main] [com.alltimeslucky.battletron.server.game.api.GameApi] [getAllGames] - Response: [GameDto{id=1, width=0, height=0, gameStatus=null, tickCount=0, playerOne=null, playerTwo=null, playingField=null, winner=null}, GameDto{id=2, width=0, height=0, gameStatus=null, tickCount=0, playerOne=null, playerTwo=null, playingField=null, winner=null}]
2019-01-22 18:33:02.438 DEBUG [main] [com.alltimeslucky.battletron.server.game.api.GameApi] [createGame] - Response: GameDto{id=123, width=0, height=0, gameStatus=null, tickCount=0, playerOne=null, playerTwo=null, playingField=null, winner=null}
2019-01-22 18:33:02.442 DEBUG [main] [com.alltimeslucky.battletron.server.game.api.GameApi] [joinGame] - Response: GameDto{id=123, width=0, height=0, gameStatus=null, tickCount=0, playerOne=null, playerTwo=null, playingField=null, winner=null}
2019-01-22 18:33:02.445 DEBUG [main] [com.alltimeslucky.battletron.server.game.api.GameApi] [spectateGame] - Response: GameDto{id=123, width=0, height=0, gameStatus=null, tickCount=0, playerOne=null, playerTwo=null, playingField=null, winner=null}
2019-01-22 18:34:21.949 DEBUG [main] [com.alltimeslucky.battletron.server.game.api.GameApi] [getJoinableGames] - Response: [GameDto{id=1, width=0, height=0, gameStatus=null, tickCount=0, playerOne=null, playerTwo=null, playingField=null, winner=null}, GameDto{id=2, width=0, height=0, gameStatus=null, tickCount=0, playerOne=null, playerTwo=null, playingField=null, winner=null}]
2019-01-22 18:34:21.958 DEBUG [main] [com.alltimeslucky.battletron.server.game.api.GameApi] [getAllGames] - Response: [GameDto{id=1, width=0, height=0, gameStatus=null, tickCount=0, playerOne=null, playerTwo=null, playingField=null, winner=null}, GameDto{id=2, width=0, height=0, gameStatus=null, tickCount=0, playerOne=null, playerTwo=null, playingField=null, winner=null}]
2019-01-22 18:34:21.987 DEBUG [main] [com.alltimeslucky.battletron.server.game.api.GameApi] [createGame] - Response: GameDto{id=123, width=0, height=0, gameStatus=null, tickCount=0, playerOne=null, playerTwo=null, playingField=null, winner=null}
2019-01-22 18:34:21.990 DEBUG [main] [com.alltimeslucky.battletron.server.game.api.GameApi] [joinGame] - Response: GameDto{id=123, width=0, height=0, gameStatus=null, tickCount=0, playerOne=null, playerTwo=null, playingField=null, winner=null}
2019-01-22 18:34:21.993 DEBUG [main] [com.alltimeslucky.battletron.server.game.api.GameApi] [spectateGame] - Response: GameDto{id=123, width=0, height=0, gameStatus=null, tickCount=0, playerOne=null, playerTwo=null, playingField=null, winner=null}
2019-01-22 18:39:22.013 DEBUG [main] [com.alltimeslucky.battletron.server.game.api.GameApi] [getOpenGames] - Response: [GameDto{id=1, width=0, height=0, gameStatus=null, tickCount=0, playerOne=null, playerTwo=null, playingField=null, winner=null}, GameDto{id=2, width=0, height=0, gameStatus=null, tickCount=0, playerOne=null, playerTwo=null, playingField=null, winner=null}]
2019-01-22 18:39:22.033 DEBUG [main] [com.alltimeslucky.battletron.server.game.api.GameApi] [getAllGames] - Response: [GameDto{id=1, width=0, height=0, gameStatus=null, tickCount=0, playerOne=null, playerTwo=null, playingField=null, winner=null}, GameDto{id=2, width=0, height=0, gameStatus=null, tickCount=0, playerOne=null, playerTwo=null, playingField=null, winner=null}]
2019-01-22 18:39:22.061 DEBUG [main] [com.alltimeslucky.battletron.server.game.api.GameApi] [createGame] - Response: GameDto{id=123, width=0, height=0, gameStatus=null, tickCount=0, playerOne=null, playerTwo=null, playingField=null, winner=null}
2019-01-22 18:39:22.062 DEBUG [main] [com.alltimeslucky.battletron.server.game.api.GameApi] [getGame] - Response: GameDto{id=123, width=0, height=0, gameStatus=null, tickCount=0, playerOne=null, playerTwo=null, playingField=null, winner=null}
2019-01-22 18:39:22.075 DEBUG [main] [com.alltimeslucky.battletron.server.game.api.GameApi] [joinGame] - Response: GameDto{id=123, width=0, height=0, gameStatus=null, tickCount=0, playerOne=null, playerTwo=null, playingField=null, winner=null}
2019-01-22 18:39:22.086 DEBUG [main] [com.alltimeslucky.battletron.server.game.api.GameApi] [spectateGame] - Response: GameDto{id=123, width=0, height=0, gameStatus=null, tickCount=0, playerOne=null, playerTwo=null, playingField=null, winner=null}
